<?xml version="1.0" encoding="UTF-8"?>
<testng-results skipped="0" failed="0" total="1" passed="1">
  <reporter-output>
  </reporter-output>
  <suite name="Default suite" duration-ms="41406" started-at="2013-01-22T09:42:42Z" finished-at="2013-01-22T09:43:24Z">
    <groups>
    </groups>
    <test name="Default test" duration-ms="41406" started-at="2013-01-22T09:42:42Z" finished-at="2013-01-22T09:43:24Z">
      <class name="com.YouMagicPro.LKA_tests.VoiceMailPageTest">
        <test-method status="PASS" signature="setUp(java.lang.String)[pri:0, instance:com.YouMagicPro.LKA_tests.VoiceMailPageTest@5b293ce7]" name="setUp" is-config="true" duration-ms="5666" started-at="2013-01-22T13:42:42Z" finished-at="2013-01-22T13:42:48Z">
          <params>
            <param index="0">
              <value is-null="true"/>
            </param>
          </params>
          <reporter-output>
          </reporter-output>
        </test-method> <!-- setUp -->
        <test-method status="PASS" signature="voiceMailPageTest()[pri:0, instance:com.YouMagicPro.LKA_tests.VoiceMailPageTest@5b293ce7]" name="voiceMailPageTest" duration-ms="35271" started-at="2013-01-22T13:42:48Z" finished-at="2013-01-22T13:43:23Z">
          <reporter-output>
          </reporter-output>
        </test-method> <!-- voiceMailPageTest -->
        <test-method status="PASS" signature="tearDown()[pri:0, instance:com.YouMagicPro.LKA_tests.VoiceMailPageTest@5b293ce7]" name="tearDown" is-config="true" duration-ms="468" started-at="2013-01-22T13:43:23Z" finished-at="2013-01-22T13:43:24Z">
          <reporter-output>
          </reporter-output>
        </test-method> <!-- tearDown -->
      </class> <!-- com.YouMagicPro.LKA_tests.VoiceMailPageTest -->
    </test> <!-- Default test -->
  </suite> <!-- Default suite -->
</testng-results>
